# Logfile created on 2012-05-21 15:56:11 +0200 by logger.rb/31641
I, [2012-05-21T15:56:11.049999 #19732]  INFO -- : *** Below you'll find the most recent exception thrown, this will likely (but not certainly) be the exception that made your application exit abnormally ***
E, [2012-05-21T15:56:11.050114 #19732] ERROR -- : uninitialized constant JSON (NameError)
/Users/franc/rubys/twitter_search_daemon/twitter_search/libexec/twitter_search-daemon.rb:67:in `block in search_twitter_for'
/Users/franc/.rvm/gems/ruby-1.9.3-p0/gems/eventmachine-0.12.10/lib/em/deferrable.rb:134:in `call'
/Users/franc/.rvm/gems/ruby-1.9.3-p0/gems/eventmachine-0.12.10/lib/em/deferrable.rb:134:in `set_deferred_status'
/Users/franc/.rvm/gems/ruby-1.9.3-p0/gems/eventmachine-0.12.10/lib/em/deferrable.rb:173:in `succeed'
/Users/franc/.rvm/gems/ruby-1.9.3-p0/gems/em-http-request-0.3.0/lib/em-http/client.rb:307:in `unbind'
/Users/franc/.rvm/gems/ruby-1.9.3-p0/gems/eventmachine-0.12.10/lib/eventmachine.rb:1417:in `event_callback'
/Users/franc/.rvm/gems/ruby-1.9.3-p0/gems/eventmachine-0.12.10/lib/eventmachine.rb:256:in `run_machine'
/Users/franc/.rvm/gems/ruby-1.9.3-p0/gems/eventmachine-0.12.10/lib/eventmachine.rb:256:in `run'
/Users/franc/.rvm/gems/ruby-1.9.3-p0/gems/daemon-kit-0.1.8.2/lib/daemon_kit/em.rb:26:in `run'
/Users/franc/.rvm/gems/ruby-1.9.3-p0/gems/daemon-kit-0.1.8.2/lib/daemon_kit/em.rb:28:in `block in run'
I, [2012-05-21T15:56:11.050219 #19732]  INFO -- : *** Below you'll find all the exception objects in memory, some of them may have been thrown in your application, others may just be in memory because they are standard exceptions ***
E, [2012-05-21T15:56:11.052194 #19732] ERROR -- : stream closed (IOError)

E, [2012-05-21T15:56:11.052364 #19732] ERROR -- : failed to allocate memory (NoMemoryError)

E, [2012-05-21T15:56:11.052459 #19732] ERROR -- : stack level too deep (SystemStackError)

E, [2012-05-21T15:56:11.052869 #19732] ERROR -- : exception reentered (fatal)

E, [2012-05-21T15:56:11.061747 #19732] ERROR -- : uninitialized constant JSON (NameError)
/Users/franc/rubys/twitter_search_daemon/twitter_search/libexec/twitter_search-daemon.rb:67:in `block in search_twitter_for'
/Users/franc/.rvm/gems/ruby-1.9.3-p0/gems/eventmachine-0.12.10/lib/em/deferrable.rb:134:in `call'
/Users/franc/.rvm/gems/ruby-1.9.3-p0/gems/eventmachine-0.12.10/lib/em/deferrable.rb:134:in `set_deferred_status'
/Users/franc/.rvm/gems/ruby-1.9.3-p0/gems/eventmachine-0.12.10/lib/em/deferrable.rb:173:in `succeed'
/Users/franc/.rvm/gems/ruby-1.9.3-p0/gems/em-http-request-0.3.0/lib/em-http/client.rb:307:in `unbind'
/Users/franc/.rvm/gems/ruby-1.9.3-p0/gems/eventmachine-0.12.10/lib/eventmachine.rb:1417:in `event_callback'
/Users/franc/.rvm/gems/ruby-1.9.3-p0/gems/eventmachine-0.12.10/lib/eventmachine.rb:256:in `run_machine'
/Users/franc/.rvm/gems/ruby-1.9.3-p0/gems/eventmachine-0.12.10/lib/eventmachine.rb:256:in `run'
/Users/franc/.rvm/gems/ruby-1.9.3-p0/gems/daemon-kit-0.1.8.2/lib/daemon_kit/em.rb:26:in `run'
/Users/franc/.rvm/gems/ruby-1.9.3-p0/gems/daemon-kit-0.1.8.2/lib/daemon_kit/em.rb:28:in `block in run'
E, [2012-05-21T15:56:11.062649 #19732] ERROR -- : cannot load such file -- enc/.so (LoadError)
/Users/franc/.rvm/gems/ruby-1.9.3-p0/gems/awesome_print-1.0.2/lib/awesome_print/inspector.rb:82:in `[]'
/Users/franc/.rvm/gems/ruby-1.9.3-p0/gems/awesome_print-1.0.2/lib/awesome_print/inspector.rb:82:in `colorize?'
/Users/franc/.rvm/gems/ruby-1.9.3-p0/gems/awesome_print-1.0.2/lib/awesome_print/formatter.rb:44:in `colorize'
/Users/franc/.rvm/gems/ruby-1.9.3-p0/gems/awesome_print-1.0.2/lib/awesome_print/formatter.rb:58:in `awesome_self'
/Users/franc/.rvm/gems/ruby-1.9.3-p0/gems/awesome_print-1.0.2/lib/awesome_print/formatter.rb:28:in `format'
/Users/franc/.rvm/gems/ruby-1.9.3-p0/gems/awesome_print-1.0.2/lib/awesome_print/inspector.rb:104:in `unnested'
/Users/franc/.rvm/gems/ruby-1.9.3-p0/gems/awesome_print-1.0.2/lib/awesome_print/inspector.rb:71:in `awesome'
/Users/franc/.rvm/gems/ruby-1.9.3-p0/gems/awesome_print-1.0.2/lib/awesome_print/core_ext/kernel.rb:10:in `ai'
/Users/franc/.rvm/gems/ruby-1.9.3-p0/gems/awesome_print-1.0.2/lib/awesome_print/core_ext/kernel.rb:15:in `ap'
/Users/franc/rubys/twitter_search_daemon/twitter_search/libexec/twitter_search-daemon.rb:86:in `log'
/Users/franc/rubys/twitter_search_daemon/twitter_search/libexec/twitter_search-daemon.rb:65:in `block in search_twitter_for'
/Users/franc/.rvm/gems/ruby-1.9.3-p0/gems/eventmachine-0.12.10/lib/em/deferrable.rb:134:in `call'
/Users/franc/.rvm/gems/ruby-1.9.3-p0/gems/eventmachine-0.12.10/lib/em/deferrable.rb:134:in `set_deferred_status'
/Users/franc/.rvm/gems/ruby-1.9.3-p0/gems/eventmachine-0.12.10/lib/em/deferrable.rb:173:in `succeed'
/Users/franc/.rvm/gems/ruby-1.9.3-p0/gems/em-http-request-0.3.0/lib/em-http/client.rb:307:in `unbind'
/Users/franc/.rvm/gems/ruby-1.9.3-p0/gems/eventmachine-0.12.10/lib/eventmachine.rb:1417:in `event_callback'
/Users/franc/.rvm/gems/ruby-1.9.3-p0/gems/eventmachine-0.12.10/lib/eventmachine.rb:256:in `run_machine'
/Users/franc/.rvm/gems/ruby-1.9.3-p0/gems/eventmachine-0.12.10/lib/eventmachine.rb:256:in `run'
/Users/franc/.rvm/gems/ruby-1.9.3-p0/gems/daemon-kit-0.1.8.2/lib/daemon_kit/em.rb:26:in `run'
/Users/franc/.rvm/gems/ruby-1.9.3-p0/gems/daemon-kit-0.1.8.2/lib/daemon_kit/em.rb:28:in `block in run'
E, [2012-05-21T15:56:11.063183 #19732] ERROR -- : cannot load such file -- enc/.so (LoadError)
/Users/franc/.rvm/gems/ruby-1.9.3-p0/gems/awesome_print-1.0.2/lib/awesome_print/inspector.rb:131:in `[]'
/Users/franc/.rvm/gems/ruby-1.9.3-p0/gems/awesome_print-1.0.2/lib/awesome_print/inspector.rb:131:in `merge_custom_defaults!'
/Users/franc/.rvm/gems/ruby-1.9.3-p0/gems/awesome_print-1.0.2/lib/awesome_print/inspector.rb:56:in `initialize'
/Users/franc/.rvm/gems/ruby-1.9.3-p0/gems/awesome_print-1.0.2/lib/awesome_print/core_ext/kernel.rb:9:in `new'
/Users/franc/.rvm/gems/ruby-1.9.3-p0/gems/awesome_print-1.0.2/lib/awesome_print/core_ext/kernel.rb:9:in `ai'
/Users/franc/.rvm/gems/ruby-1.9.3-p0/gems/awesome_print-1.0.2/lib/awesome_print/core_ext/kernel.rb:15:in `ap'
/Users/franc/rubys/twitter_search_daemon/twitter_search/libexec/twitter_search-daemon.rb:86:in `log'
/Users/franc/rubys/twitter_search_daemon/twitter_search/libexec/twitter_search-daemon.rb:65:in `block in search_twitter_for'
/Users/franc/.rvm/gems/ruby-1.9.3-p0/gems/eventmachine-0.12.10/lib/em/deferrable.rb:134:in `call'
/Users/franc/.rvm/gems/ruby-1.9.3-p0/gems/eventmachine-0.12.10/lib/em/deferrable.rb:134:in `set_deferred_status'
/Users/franc/.rvm/gems/ruby-1.9.3-p0/gems/eventmachine-0.12.10/lib/em/deferrable.rb:173:in `succeed'
/Users/franc/.rvm/gems/ruby-1.9.3-p0/gems/em-http-request-0.3.0/lib/em-http/client.rb:307:in `unbind'
/Users/franc/.rvm/gems/ruby-1.9.3-p0/gems/eventmachine-0.12.10/lib/eventmachine.rb:1417:in `event_callback'
/Users/franc/.rvm/gems/ruby-1.9.3-p0/gems/eventmachine-0.12.10/lib/eventmachine.rb:256:in `run_machine'
/Users/franc/.rvm/gems/ruby-1.9.3-p0/gems/eventmachine-0.12.10/lib/eventmachine.rb:256:in `run'
/Users/franc/.rvm/gems/ruby-1.9.3-p0/gems/daemon-kit-0.1.8.2/lib/daemon_kit/em.rb:26:in `run'
/Users/franc/.rvm/gems/ruby-1.9.3-p0/gems/daemon-kit-0.1.8.2/lib/daemon_kit/em.rb:28:in `block in run'
E, [2012-05-21T15:56:11.063341 #19732] ERROR -- : cannot load such file -- enc/.so (LoadError)
/Users/franc/.rvm/gems/ruby-1.9.3-p0/gems/awesome_print-1.0.2/lib/awesome_print/inspector.rb:82:in `[]'
/Users/franc/.rvm/gems/ruby-1.9.3-p0/gems/awesome_print-1.0.2/lib/awesome_print/inspector.rb:82:in `colorize?'
/Users/franc/.rvm/gems/ruby-1.9.3-p0/gems/awesome_print-1.0.2/lib/awesome_print/formatter.rb:44:in `colorize'
/Users/franc/.rvm/gems/ruby-1.9.3-p0/gems/awesome_print-1.0.2/lib/awesome_print/formatter.rb:58:in `awesome_self'
/Users/franc/.rvm/gems/ruby-1.9.3-p0/gems/awesome_print-1.0.2/lib/awesome_print/formatter.rb:28:in `format'
/Users/franc/.rvm/gems/ruby-1.9.3-p0/gems/awesome_print-1.0.2/lib/awesome_print/inspector.rb:104:in `unnested'
/Users/franc/.rvm/gems/ruby-1.9.3-p0/gems/awesome_print-1.0.2/lib/awesome_print/inspector.rb:71:in `awesome'
/Users/franc/.rvm/gems/ruby-1.9.3-p0/gems/awesome_print-1.0.2/lib/awesome_print/core_ext/kernel.rb:10:in `ai'
/Users/franc/.rvm/gems/ruby-1.9.3-p0/gems/awesome_print-1.0.2/lib/awesome_print/core_ext/kernel.rb:15:in `ap'
/Users/franc/rubys/twitter_search_daemon/twitter_search/libexec/twitter_search-daemon.rb:86:in `log'
/Users/franc/rubys/twitter_search_daemon/twitter_search/libexec/twitter_search-daemon.rb:65:in `block in search_twitter_for'
/Users/franc/.rvm/gems/ruby-1.9.3-p0/gems/eventmachine-0.12.10/lib/em/deferrable.rb:134:in `call'
/Users/franc/.rvm/gems/ruby-1.9.3-p0/gems/eventmachine-0.12.10/lib/em/deferrable.rb:134:in `set_deferred_status'
/Users/franc/.rvm/gems/ruby-1.9.3-p0/gems/eventmachine-0.12.10/lib/em/deferrable.rb:173:in `succeed'
/Users/franc/.rvm/gems/ruby-1.9.3-p0/gems/em-http-request-0.3.0/lib/em-http/client.rb:307:in `unbind'
/Users/franc/.rvm/gems/ruby-1.9.3-p0/gems/eventmachine-0.12.10/lib/eventmachine.rb:1417:in `event_callback'
/Users/franc/.rvm/gems/ruby-1.9.3-p0/gems/eventmachine-0.12.10/lib/eventmachine.rb:256:in `run_machine'
/Users/franc/.rvm/gems/ruby-1.9.3-p0/gems/eventmachine-0.12.10/lib/eventmachine.rb:256:in `run'
/Users/franc/.rvm/gems/ruby-1.9.3-p0/gems/daemon-kit-0.1.8.2/lib/daemon_kit/em.rb:26:in `run'
/Users/franc/.rvm/gems/ruby-1.9.3-p0/gems/daemon-kit-0.1.8.2/lib/daemon_kit/em.rb:28:in `block in run'
E, [2012-05-21T15:56:11.063666 #19732] ERROR -- : cannot load such file -- enc/.so (LoadError)
/Users/franc/.rvm/gems/ruby-1.9.3-p0/gems/awesome_print-1.0.2/lib/awesome_print/inspector.rb:82:in `[]'
/Users/franc/.rvm/gems/ruby-1.9.3-p0/gems/awesome_print-1.0.2/lib/awesome_print/inspector.rb:82:in `colorize?'
/Users/franc/.rvm/gems/ruby-1.9.3-p0/gems/awesome_print-1.0.2/lib/awesome_print/formatter.rb:44:in `colorize'
/Users/franc/.rvm/gems/ruby-1.9.3-p0/gems/awesome_print-1.0.2/lib/awesome_print/formatter.rb:58:in `awesome_self'
/Users/franc/.rvm/gems/ruby-1.9.3-p0/gems/awesome_print-1.0.2/lib/awesome_print/formatter.rb:28:in `format'
/Users/franc/.rvm/gems/ruby-1.9.3-p0/gems/awesome_print-1.0.2/lib/awesome_print/inspector.rb:104:in `unnested'
/Users/franc/.rvm/gems/ruby-1.9.3-p0/gems/awesome_print-1.0.2/lib/awesome_print/inspector.rb:71:in `awesome'
/Users/franc/.rvm/gems/ruby-1.9.3-p0/gems/awesome_print-1.0.2/lib/awesome_print/formatter.rb:103:in `block (2 levels) in awesome_hash'
/Users/franc/.rvm/gems/ruby-1.9.3-p0/gems/awesome_print-1.0.2/lib/awesome_print/formatter.rb:314:in `indented'
/Users/franc/.rvm/gems/ruby-1.9.3-p0/gems/awesome_print-1.0.2/lib/awesome_print/formatter.rb:102:in `block in awesome_hash'
/Users/franc/.rvm/gems/ruby-1.9.3-p0/gems/awesome_print-1.0.2/lib/awesome_print/formatter.rb:101:in `map'
/Users/franc/.rvm/gems/ruby-1.9.3-p0/gems/awesome_print-1.0.2/lib/awesome_print/formatter.rb:101:in `awesome_hash'
/Users/franc/.rvm/gems/ruby-1.9.3-p0/gems/awesome_print-1.0.2/lib/awesome_print/formatter.rb:26:in `format'
/Users/franc/.rvm/gems/ruby-1.9.3-p0/gems/awesome_print-1.0.2/lib/awesome_print/inspector.rb:104:in `unnested'
/Users/franc/.rvm/gems/ruby-1.9.3-p0/gems/awesome_print-1.0.2/lib/awesome_print/inspector.rb:71:in `awesome'
/Users/franc/.rvm/gems/ruby-1.9.3-p0/gems/awesome_print-1.0.2/lib/awesome_print/core_ext/kernel.rb:10:in `ai'
/Users/franc/.rvm/gems/ruby-1.9.3-p0/gems/awesome_print-1.0.2/lib/awesome_print/core_ext/kernel.rb:15:in `ap'
/Users/franc/rubys/twitter_search_daemon/twitter_search/libexec/twitter_search-daemon.rb:86:in `log'
/Users/franc/rubys/twitter_search_daemon/twitter_search/libexec/twitter_search-daemon.rb:64:in `block in search_twitter_for'
/Users/franc/.rvm/gems/ruby-1.9.3-p0/gems/eventmachine-0.12.10/lib/em/deferrable.rb:134:in `call'
/Users/franc/.rvm/gems/ruby-1.9.3-p0/gems/eventmachine-0.12.10/lib/em/deferrable.rb:134:in `set_deferred_status'
/Users/franc/.rvm/gems/ruby-1.9.3-p0/gems/eventmachine-0.12.10/lib/em/deferrable.rb:173:in `succeed'
/Users/franc/.rvm/gems/ruby-1.9.3-p0/gems/em-http-request-0.3.0/lib/em-http/client.rb:307:in `unbind'
/Users/franc/.rvm/gems/ruby-1.9.3-p0/gems/eventmachine-0.12.10/lib/eventmachine.rb:1417:in `event_callback'
/Users/franc/.rvm/gems/ruby-1.9.3-p0/gems/eventmachine-0.12.10/lib/eventmachine.rb:256:in `run_machine'
/Users/franc/.rvm/gems/ruby-1.9.3-p0/gems/eventmachine-0.12.10/lib/eventmachine.rb:256:in `run'
/Users/franc/.rvm/gems/ruby-1.9.3-p0/gems/daemon-kit-0.1.8.2/lib/daemon_kit/em.rb:26:in `run'
/Users/franc/.rvm/gems/ruby-1.9.3-p0/gems/daemon-kit-0.1.8.2/lib/daemon_kit/em.rb:28:in `block in run'
E, [2012-05-21T15:56:11.063866 #19732] ERROR -- : cannot load such file -- enc/.so (LoadError)
/Users/franc/.rvm/gems/ruby-1.9.3-p0/gems/awesome_print-1.0.2/lib/awesome_print/inspector.rb:82:in `[]'
/Users/franc/.rvm/gems/ruby-1.9.3-p0/gems/awesome_print-1.0.2/lib/awesome_print/inspector.rb:82:in `colorize?'
/Users/franc/.rvm/gems/ruby-1.9.3-p0/gems/awesome_print-1.0.2/lib/awesome_print/formatter.rb:44:in `colorize'
/Users/franc/.rvm/gems/ruby-1.9.3-p0/gems/awesome_print-1.0.2/lib/awesome_print/formatter.rb:58:in `awesome_self'
/Users/franc/.rvm/gems/ruby-1.9.3-p0/gems/awesome_print-1.0.2/lib/awesome_print/formatter.rb:28:in `format'
/Users/franc/.rvm/gems/ruby-1.9.3-p0/gems/awesome_print-1.0.2/lib/awesome_print/inspector.rb:104:in `unnested'
/Users/franc/.rvm/gems/ruby-1.9.3-p0/gems/awesome_print-1.0.2/lib/awesome_print/inspector.rb:71:in `awesome'
/Users/franc/.rvm/gems/ruby-1.9.3-p0/gems/awesome_print-1.0.2/lib/awesome_print/formatter.rb:103:in `block (2 levels) in awesome_hash'
/Users/franc/.rvm/gems/ruby-1.9.3-p0/gems/awesome_print-1.0.2/lib/awesome_print/formatter.rb:314:in `indented'
/Users/franc/.rvm/gems/ruby-1.9.3-p0/gems/awesome_print-1.0.2/lib/awesome_print/formatter.rb:102:in `block in awesome_hash'
/Users/franc/.rvm/gems/ruby-1.9.3-p0/gems/awesome_print-1.0.2/lib/awesome_print/formatter.rb:101:in `map'
/Users/franc/.rvm/gems/ruby-1.9.3-p0/gems/awesome_print-1.0.2/lib/awesome_print/formatter.rb:101:in `awesome_hash'
/Users/franc/.rvm/gems/ruby-1.9.3-p0/gems/awesome_print-1.0.2/lib/awesome_print/formatter.rb:26:in `format'
/Users/franc/.rvm/gems/ruby-1.9.3-p0/gems/awesome_print-1.0.2/lib/awesome_print/inspector.rb:104:in `unnested'
/Users/franc/.rvm/gems/ruby-1.9.3-p0/gems/awesome_print-1.0.2/lib/awesome_print/inspector.rb:71:in `awesome'
/Users/franc/.rvm/gems/ruby-1.9.3-p0/gems/awesome_print-1.0.2/lib/awesome_print/core_ext/kernel.rb:10:in `ai'
/Users/franc/.rvm/gems/ruby-1.9.3-p0/gems/awesome_print-1.0.2/lib/awesome_print/core_ext/kernel.rb:15:in `ap'
/Users/franc/rubys/twitter_search_daemon/twitter_search/libexec/twitter_search-daemon.rb:86:in `log'
/Users/franc/rubys/twitter_search_daemon/twitter_search/libexec/twitter_search-daemon.rb:64:in `block in search_twitter_for'
/Users/franc/.rvm/gems/ruby-1.9.3-p0/gems/eventmachine-0.12.10/lib/em/deferrable.rb:134:in `call'
/Users/franc/.rvm/gems/ruby-1.9.3-p0/gems/eventmachine-0.12.10/lib/em/deferrable.rb:134:in `set_deferred_status'
/Users/franc/.rvm/gems/ruby-1.9.3-p0/gems/eventmachine-0.12.10/lib/em/deferrable.rb:173:in `succeed'
/Users/franc/.rvm/gems/ruby-1.9.3-p0/gems/em-http-request-0.3.0/lib/em-http/client.rb:307:in `unbind'
/Users/franc/.rvm/gems/ruby-1.9.3-p0/gems/eventmachine-0.12.10/lib/eventmachine.rb:1417:in `event_callback'
/Users/franc/.rvm/gems/ruby-1.9.3-p0/gems/eventmachine-0.12.10/lib/eventmachine.rb:256:in `run_machine'
/Users/franc/.rvm/gems/ruby-1.9.3-p0/gems/eventmachine-0.12.10/lib/eventmachine.rb:256:in `run'
/Users/franc/.rvm/gems/ruby-1.9.3-p0/gems/daemon-kit-0.1.8.2/lib/daemon_kit/em.rb:26:in `run'
/Users/franc/.rvm/gems/ruby-1.9.3-p0/gems/daemon-kit-0.1.8.2/lib/daemon_kit/em.rb:28:in `block in run'
E, [2012-05-21T15:56:11.064023 #19732] ERROR -- : cannot load such file -- enc/.so (LoadError)
/Users/franc/.rvm/gems/ruby-1.9.3-p0/gems/awesome_print-1.0.2/lib/awesome_print/inspector.rb:82:in `[]'
/Users/franc/.rvm/gems/ruby-1.9.3-p0/gems/awesome_print-1.0.2/lib/awesome_print/inspector.rb:82:in `colorize?'
/Users/franc/.rvm/gems/ruby-1.9.3-p0/gems/awesome_print-1.0.2/lib/awesome_print/formatter.rb:44:in `colorize'
/Users/franc/.rvm/gems/ruby-1.9.3-p0/gems/awesome_print-1.0.2/lib/awesome_print/formatter.rb:58:in `awesome_self'
/Users/franc/.rvm/gems/ruby-1.9.3-p0/gems/awesome_print-1.0.2/lib/awesome_print/formatter.rb:28:in `format'
/Users/franc/.rvm/gems/ruby-1.9.3-p0/gems/awesome_print-1.0.2/lib/awesome_print/inspector.rb:104:in `unnested'
/Users/franc/.rvm/gems/ruby-1.9.3-p0/gems/awesome_print-1.0.2/lib/awesome_print/inspector.rb:71:in `awesome'
/Users/franc/.rvm/gems/ruby-1.9.3-p0/gems/awesome_print-1.0.2/lib/awesome_print/core_ext/kernel.rb:10:in `ai'
/Users/franc/.rvm/gems/ruby-1.9.3-p0/gems/awesome_print-1.0.2/lib/awesome_print/core_ext/kernel.rb:15:in `ap'
/Users/franc/rubys/twitter_search_daemon/twitter_search/libexec/twitter_search-daemon.rb:86:in `log'
/Users/franc/rubys/twitter_search_daemon/twitter_search/libexec/twitter_search-daemon.rb:63:in `block in search_twitter_for'
/Users/franc/.rvm/gems/ruby-1.9.3-p0/gems/eventmachine-0.12.10/lib/em/deferrable.rb:134:in `call'
/Users/franc/.rvm/gems/ruby-1.9.3-p0/gems/eventmachine-0.12.10/lib/em/deferrable.rb:134:in `set_deferred_status'
/Users/franc/.rvm/gems/ruby-1.9.3-p0/gems/eventmachine-0.12.10/lib/em/deferrable.rb:173:in `succeed'
/Users/franc/.rvm/gems/ruby-1.9.3-p0/gems/em-http-request-0.3.0/lib/em-http/client.rb:307:in `unbind'
/Users/franc/.rvm/gems/ruby-1.9.3-p0/gems/eventmachine-0.12.10/lib/eventmachine.rb:1417:in `event_callback'
/Users/franc/.rvm/gems/ruby-1.9.3-p0/gems/eventmachine-0.12.10/lib/eventmachine.rb:256:in `run_machine'
/Users/franc/.rvm/gems/ruby-1.9.3-p0/gems/eventmachine-0.12.10/lib/eventmachine.rb:256:in `run'
/Users/franc/.rvm/gems/ruby-1.9.3-p0/gems/daemon-kit-0.1.8.2/lib/daemon_kit/em.rb:26:in `run'
/Users/franc/.rvm/gems/ruby-1.9.3-p0/gems/daemon-kit-0.1.8.2/lib/daemon_kit/em.rb:28:in `block in run'
